# JRE version: OpenJDK Runtime Environment (8.0_212-b04) (build 1.8.0_212-release-1586-b04)
# Java VM: OpenJDK 64-Bit Server VM (25.212-b04 mixed mode windows-amd64 compressed oops)
Heap:
 PSYoungGen      total 163328K, used 13470K [0x00000000e0000000, 0x00000000eb780000, 0x0000000100000000)
  eden space 147968K, 1% used [0x00000000e0000000,0x00000000e02d88a0,0x00000000e9080000)
  from space 15360K, 68% used [0x00000000e9080000,0x00000000e9acf248,0x00000000e9f80000)
  to   space 15360K, 0% used [0x00000000e9f80000,0x00000000e9f80000,0x00000000eae80000)
 ParOldGen       total 94720K, used 28558K [0x00000000a0000000, 0x00000000a5c80000, 0x00000000e0000000)
  object space 94720K, 30% used [0x00000000a0000000,0x00000000a1be3940,0x00000000a5c80000)
 Metaspace       used 58760K, capacity 60524K, committed 60672K, reserved 1101824K
  class space    used 7946K, capacity 8385K, committed 8448K, reserved 1048576K
GC Heap History (10 events):
Event: 8.632 GC heap before
{Heap before GC invocations=14 (full 2):
 PSYoungGen      total 144896K, used 31909K [0x00000000e0000000, 0x00000000ea600000, 0x0000000100000000)
  eden space 131072K, 14% used [0x00000000e0000000,0x00000000e11efa98,0x00000000e8000000)
  from space 13824K, 97% used [0x00000000e8b00000,0x00000000e9839c70,0x00000000e9880000)
  to   space 12288K, 0% used [0x00000000e9a00000,0x00000000e9a00000,0x00000000ea600000)
 ParOldGen       total 94720K, used 24698K [0x00000000a0000000, 0x00000000a5c80000, 0x00000000e0000000)
  object space 94720K, 26% used [0x00000000a0000000,0x00000000a181ea30,0x00000000a5c80000)
 Metaspace       used 57345K, capacity 59016K, committed 59096K, reserved 1099776K
  class space    used 7814K, capacity 8241K, committed 8320K, reserved 1048576K
Event: 8.638 GC heap after
Heap after GC invocations=14 (full 2):
 PSYoungGen      total 143360K, used 8195K [0x00000000e0000000, 0x00000000ea600000, 0x0000000100000000)
  eden space 131072K, 0% used [0x00000000e0000000,0x00000000e0000000,0x00000000e8000000)
  from space 12288K, 66% used [0x00000000e9a00000,0x00000000ea200f68,0x00000000ea600000)
  to   space 13824K, 0% used [0x00000000e8b00000,0x00000000e8b00000,0x00000000e9880000)
 ParOldGen       total 94720K, used 24770K [0x00000000a0000000, 0x00000000a5c80000, 0x00000000e0000000)
  object space 94720K, 26% used [0x00000000a0000000,0x00000000a1830a40,0x00000000a5c80000)
 Metaspace       used 57345K, capacity 59016K, committed 59096K, reserved 1099776K
  class space    used 7814K, capacity 8241K, committed 8320K, reserved 1048576K
}
Event: 8.638 GC heap before
{Heap before GC invocations=15 (full 3):
 PSYoungGen      total 143360K, used 8195K [0x00000000e0000000, 0x00000000ea600000, 0x0000000100000000)
  eden space 131072K, 0% used [0x00000000e0000000,0x00000000e0000000,0x00000000e8000000)
  from space 12288K, 66% used [0x00000000e9a00000,0x00000000ea200f68,0x00000000ea600000)
  to   space 13824K, 0% used [0x00000000e8b00000,0x00000000e8b00000,0x00000000e9880000)
 ParOldGen       total 94720K, used 24770K [0x00000000a0000000, 0x00000000a5c80000, 0x00000000e0000000)
  object space 94720K, 26% used [0x00000000a0000000,0x00000000a1830a40,0x00000000a5c80000)
 Metaspace       used 57345K, capacity 59016K, committed 59096K, reserved 1099776K
  class space    used 7814K, capacity 8241K, committed 8320K, reserved 1048576K
Event: 8.850 GC heap after
Heap after GC invocations=15 (full 3):
 PSYoungGen      total 143360K, used 0K [0x00000000e0000000, 0x00000000ea600000, 0x0000000100000000)
  eden space 131072K, 0% used [0x00000000e0000000,0x00000000e0000000,0x00000000e8000000)
  from space 12288K, 0% used [0x00000000e9a00000,0x00000000e9a00000,0x00000000ea600000)
  to   space 13824K, 0% used [0x00000000e8b00000,0x00000000e8b00000,0x00000000e9880000)
 ParOldGen       total 94720K, used 28534K [0x00000000a0000000, 0x00000000a5c80000, 0x00000000e0000000)
  object space 94720K, 30% used [0x00000000a0000000,0x00000000a1bdd940,0x00000000a5c80000)
 Metaspace       used 57345K, capacity 59016K, committed 59096K, reserved 1099776K
  class space    used 7814K, capacity 8241K, committed 8320K, reserved 1048576K
}
Event: 15.478 GC heap before
{Heap before GC invocations=16 (full 3):
 PSYoungGen      total 143360K, used 131072K [0x00000000e0000000, 0x00000000ea600000, 0x0000000100000000)
  eden space 131072K, 100% used [0x00000000e0000000,0x00000000e8000000,0x00000000e8000000)
  from space 12288K, 0% used [0x00000000e9a00000,0x00000000e9a00000,0x00000000ea600000)
  to   space 13824K, 0% used [0x00000000e8b00000,0x00000000e8b00000,0x00000000e9880000)
 ParOldGen       total 94720K, used 28534K [0x00000000a0000000, 0x00000000a5c80000, 0x00000000e0000000)
  object space 94720K, 30% used [0x00000000a0000000,0x00000000a1bdd940,0x00000000a5c80000)
 Metaspace       used 58333K, capacity 60094K, committed 60416K, reserved 1101824K
  class space    used 7912K, capacity 8350K, committed 8448K, reserved 1048576K
Event: 15.481 GC heap after
Heap after GC invocations=16 (full 3):
 PSYoungGen      total 156160K, used 2801K [0x00000000e0000000, 0x00000000eae80000, 0x0000000100000000)
  eden space 142336K, 0% used [0x00000000e0000000,0x00000000e0000000,0x00000000e8b00000)
  from space 13824K, 20% used [0x00000000e8b00000,0x00000000e8dbc680,0x00000000e9880000)
  to   space 15360K, 0% used [0x00000000e9f80000,0x00000000e9f80000,0x00000000eae80000)
 ParOldGen       total 94720K, used 28542K [0x00000000a0000000, 0x00000000a5c80000, 0x00000000e0000000)
  object space 94720K, 30% used [0x00000000a0000000,0x00000000a1bdf940,0x00000000a5c80000)
 Metaspace       used 58333K, capacity 60094K, committed 60416K, reserved 1101824K
  class space    used 7912K, capacity 8350K, committed 8448K, reserved 1048576K
}
Event: 25.104 GC heap before
{Heap before GC invocations=17 (full 3):
 PSYoungGen      total 156160K, used 145137K [0x00000000e0000000, 0x00000000eae80000, 0x0000000100000000)
  eden space 142336K, 100% used [0x00000000e0000000,0x00000000e8b00000,0x00000000e8b00000)
  from space 13824K, 20% used [0x00000000e8b00000,0x00000000e8dbc680,0x00000000e9880000)
  to   space 15360K, 0% used [0x00000000e9f80000,0x00000000e9f80000,0x00000000eae80000)
 ParOldGen       total 94720K, used 28542K [0x00000000a0000000, 0x00000000a5c80000, 0x00000000e0000000)
  object space 94720K, 30% used [0x00000000a0000000,0x00000000a1bdf940,0x00000000a5c80000)
 Metaspace       used 58337K, capacity 60094K, committed 60416K, reserved 1101824K
  class space    used 7912K, capacity 8350K, committed 8448K, reserved 1048576K
Event: 25.107 GC heap after
Heap after GC invocations=17 (full 3):
 PSYoungGen      total 163328K, used 1806K [0x00000000e0000000, 0x00000000eb780000, 0x0000000100000000)
  eden space 147968K, 0% used [0x00000000e0000000,0x00000000e0000000,0x00000000e9080000)
  from space 15360K, 11% used [0x00000000e9f80000,0x00000000ea143840,0x00000000eae80000)
  to   space 15360K, 0% used [0x00000000e9080000,0x00000000e9080000,0x00000000e9f80000)
 ParOldGen       total 94720K, used 28550K [0x00000000a0000000, 0x00000000a5c80000, 0x00000000e0000000)
  object space 94720K, 30% used [0x00000000a0000000,0x00000000a1be1940,0x00000000a5c80000)
 Metaspace       used 58337K, capacity 60094K, committed 60416K, reserved 1101824K
  class space    used 7912K, capacity 8350K, committed 8448K, reserved 1048576K
}
Event: 34.239 GC heap before
{Heap before GC invocations=18 (full 3):
 PSYoungGen      total 163328K, used 149774K [0x00000000e0000000, 0x00000000eb780000, 0x0000000100000000)
  eden space 147968K, 100% used [0x00000000e0000000,0x00000000e9080000,0x00000000e9080000)
  from space 15360K, 11% used [0x00000000e9f80000,0x00000000ea143840,0x00000000eae80000)
  to   space 15360K, 0% used [0x00000000e9080000,0x00000000e9080000,0x00000000e9f80000)
 ParOldGen       total 94720K, used 28550K [0x00000000a0000000, 0x00000000a5c80000, 0x00000000e0000000)
  object space 94720K, 30% used [0x00000000a0000000,0x00000000a1be1940,0x00000000a5c80000)
 Metaspace       used 58760K, capacity 60524K, committed 60672K, reserved 1101824K
  class space    used 7946K, capacity 8385K, committed 8448K, reserved 1048576K
Event: 34.248 GC heap after
Heap after GC invocations=18 (full 3):
 PSYoungGen      total 163328K, used 10556K [0x00000000e0000000, 0x00000000eb780000, 0x0000000100000000)
  eden space 147968K, 0% used [0x00000000e0000000,0x00000000e0000000,0x00000000e9080000)
  from space 15360K, 68% used [0x00000000e9080000,0x00000000e9acf248,0x00000000e9f80000)
  to   space 15360K, 0% used [0x00000000e9f80000,0x00000000e9f80000,0x00000000eae80000)
 ParOldGen       total 94720K, used 28558K [0x00000000a0000000, 0x00000000a5c80000, 0x00000000e0000000)
  object space 94720K, 30% used [0x00000000a0000000,0x00000000a1be3940,0x00000000a5c80000)
 Metaspace       used 58760K, capacity 60524K, committed 60672K, reserved 1101824K
  class space    used 7946K, capacity 8385K, committed 8448K, reserved 1048576K
}

