# JRE version: OpenJDK Runtime Environment (8.0_212-b04) (build 1.8.0_212-release-1586-b04)
# Java VM: OpenJDK 64-Bit Server VM (25.212-b04 mixed mode windows-amd64 compressed oops)
Heap:
 PSYoungGen      total 147456K, used 93444K [0x00000000e0000000, 0x00000000ea980000, 0x0000000100000000)
  eden space 134656K, 69% used [0x00000000e0000000,0x00000000e5b41170,0x00000000e8380000)
  from space 12800K, 0% used [0x00000000e9d00000,0x00000000e9d00000,0x00000000ea980000)
  to   space 14848K, 0% used [0x00000000e8c80000,0x00000000e8c80000,0x00000000e9b00000)
 ParOldGen       total 93184K, used 33223K [0x00000000a0000000, 0x00000000a5b00000, 0x00000000e0000000)
  object space 93184K, 35% used [0x00000000a0000000,0x00000000a2071dc8,0x00000000a5b00000)
 Metaspace       used 61361K, capacity 63510K, committed 63640K, reserved 1103872K
  class space    used 8524K, capacity 9000K, committed 9112K, reserved 1048576K
GC Heap History (10 events):
Event: 5.229 GC heap before
{Heap before GC invocations=11 (full 2):
 PSYoungGen      total 118272K, used 11013K [0x00000000e0000000, 0x00000000ea980000, 0x0000000100000000)
  eden space 106496K, 0% used [0x00000000e0000000,0x00000000e0000000,0x00000000e6800000)
  from space 11776K, 93% used [0x00000000e6800000,0x00000000e72c1630,0x00000000e7380000)
  to   space 12800K, 0% used [0x00000000e9d00000,0x00000000e9d00000,0x00000000ea980000)
 ParOldGen       total 60416K, used 9966K [0x00000000a0000000, 0x00000000a3b00000, 0x00000000e0000000)
  object space 60416K, 16% used [0x00000000a0000000,0x00000000a09bb9c8,0x00000000a3b00000)
 Metaspace       used 34592K, capacity 35406K, committed 35496K, reserved 1079296K
  class space    used 4755K, capacity 4994K, committed 5032K, reserved 1048576K
Event: 5.277 GC heap after
Heap after GC invocations=11 (full 2):
 PSYoungGen      total 118272K, used 0K [0x00000000e0000000, 0x00000000ea980000, 0x0000000100000000)
  eden space 106496K, 0% used [0x00000000e0000000,0x00000000e0000000,0x00000000e6800000)
  from space 11776K, 0% used [0x00000000e6800000,0x00000000e6800000,0x00000000e7380000)
  to   space 12800K, 0% used [0x00000000e9d00000,0x00000000e9d00000,0x00000000ea980000)
 ParOldGen       total 93184K, used 18415K [0x00000000a0000000, 0x00000000a5b00000, 0x00000000e0000000)
  object space 93184K, 19% used [0x00000000a0000000,0x00000000a11fbf98,0x00000000a5b00000)
 Metaspace       used 34592K, capacity 35406K, committed 35496K, reserved 1079296K
  class space    used 4755K, capacity 4994K, committed 5032K, reserved 1048576K
}
Event: 6.464 GC heap before
{Heap before GC invocations=12 (full 2):
 PSYoungGen      total 118272K, used 106496K [0x00000000e0000000, 0x00000000ea980000, 0x0000000100000000)
  eden space 106496K, 100% used [0x00000000e0000000,0x00000000e6800000,0x00000000e6800000)
  from space 11776K, 0% used [0x00000000e6800000,0x00000000e6800000,0x00000000e7380000)
  to   space 12800K, 0% used [0x00000000e9d00000,0x00000000e9d00000,0x00000000ea980000)
 ParOldGen       total 93184K, used 18415K [0x00000000a0000000, 0x00000000a5b00000, 0x00000000e0000000)
  object space 93184K, 19% used [0x00000000a0000000,0x00000000a11fbf98,0x00000000a5b00000)
 Metaspace       used 43891K, capacity 45174K, committed 45480K, reserved 1089536K
  class space    used 5932K, capacity 6220K, committed 6312K, reserved 1048576K
Event: 6.476 GC heap after
Heap after GC invocations=12 (full 2):
 PSYoungGen      total 147456K, used 12776K [0x00000000e0000000, 0x00000000ea980000, 0x0000000100000000)
  eden space 134656K, 0% used [0x00000000e0000000,0x00000000e0000000,0x00000000e8380000)
  from space 12800K, 99% used [0x00000000e9d00000,0x00000000ea97a258,0x00000000ea980000)
  to   space 14848K, 0% used [0x00000000e8c80000,0x00000000e8c80000,0x00000000e9b00000)
 ParOldGen       total 93184K, used 19859K [0x00000000a0000000, 0x00000000a5b00000, 0x00000000e0000000)
  object space 93184K, 21% used [0x00000000a0000000,0x00000000a1364f70,0x00000000a5b00000)
 Metaspace       used 43891K, capacity 45174K, committed 45480K, reserved 1089536K
  class space    used 5932K, capacity 6220K, committed 6312K, reserved 1048576K
}
Event: 7.800 GC heap before
{Heap before GC invocations=13 (full 2):
 PSYoungGen      total 147456K, used 147432K [0x00000000e0000000, 0x00000000ea980000, 0x0000000100000000)
  eden space 134656K, 100% used [0x00000000e0000000,0x00000000e8380000,0x00000000e8380000)
  from space 12800K, 99% used [0x00000000e9d00000,0x00000000ea97a258,0x00000000ea980000)
  to   space 14848K, 0% used [0x00000000e8c80000,0x00000000e8c80000,0x00000000e9b00000)
 ParOldGen       total 93184K, used 19859K [0x00000000a0000000, 0x00000000a5b00000, 0x00000000e0000000)
  object space 93184K, 21% used [0x00000000a0000000,0x00000000a1364f70,0x00000000a5b00000)
 Metaspace       used 54246K, capacity 56236K, committed 56360K, reserved 1097728K
  class space    used 7456K, capacity 7891K, committed 7976K, reserved 1048576K
Event: 7.821 GC heap after
Heap after GC invocations=13 (full 2):
 PSYoungGen      total 149504K, used 14843K [0x00000000e0000000, 0x00000000ea980000, 0x0000000100000000)
  eden space 134656K, 0% used [0x00000000e0000000,0x00000000e0000000,0x00000000e8380000)
  from space 14848K, 99% used [0x00000000e8c80000,0x00000000e9afed70,0x00000000e9b00000)
  to   space 12800K, 0% used [0x00000000e9d00000,0x00000000e9d00000,0x00000000ea980000)
 ParOldGen       total 93184K, used 26218K [0x00000000a0000000, 0x00000000a5b00000, 0x00000000e0000000)
  object space 93184K, 28% used [0x00000000a0000000,0x00000000a199a9c0,0x00000000a5b00000)
 Metaspace       used 54246K, capacity 56236K, committed 56360K, reserved 1097728K
  class space    used 7456K, capacity 7891K, committed 7976K, reserved 1048576K
}
Event: 8.287 GC heap before
{Heap before GC invocations=14 (full 2):
 PSYoungGen      total 149504K, used 74076K [0x00000000e0000000, 0x00000000ea980000, 0x0000000100000000)
  eden space 134656K, 43% used [0x00000000e0000000,0x00000000e39d82e0,0x00000000e8380000)
  from space 14848K, 99% used [0x00000000e8c80000,0x00000000e9afed70,0x00000000e9b00000)
  to   space 12800K, 0% used [0x00000000e9d00000,0x00000000e9d00000,0x00000000ea980000)
 ParOldGen       total 93184K, used 26218K [0x00000000a0000000, 0x00000000a5b00000, 0x00000000e0000000)
  object space 93184K, 28% used [0x00000000a0000000,0x00000000a199a9c0,0x00000000a5b00000)
 Metaspace       used 56923K, capacity 59068K, committed 59160K, reserved 1099776K
  class space    used 7906K, capacity 8384K, committed 8472K, reserved 1048576K
Event: 8.298 GC heap after
Heap after GC invocations=14 (full 2):
 PSYoungGen      total 147456K, used 4399K [0x00000000e0000000, 0x00000000ea980000, 0x0000000100000000)
  eden space 134656K, 0% used [0x00000000e0000000,0x00000000e0000000,0x00000000e8380000)
  from space 12800K, 34% used [0x00000000e9d00000,0x00000000ea14bc18,0x00000000ea980000)
  to   space 14848K, 0% used [0x00000000e8c80000,0x00000000e8c80000,0x00000000e9b00000)
 ParOldGen       total 93184K, used 34165K [0x00000000a0000000, 0x00000000a5b00000, 0x00000000e0000000)
  object space 93184K, 36% used [0x00000000a0000000,0x00000000a215d7b0,0x00000000a5b00000)
 Metaspace       used 56923K, capacity 59068K, committed 59160K, reserved 1099776K
  class space    used 7906K, capacity 8384K, committed 8472K, reserved 1048576K
}
Event: 8.298 GC heap before
{Heap before GC invocations=15 (full 3):
 PSYoungGen      total 147456K, used 4399K [0x00000000e0000000, 0x00000000ea980000, 0x0000000100000000)
  eden space 134656K, 0% used [0x00000000e0000000,0x00000000e0000000,0x00000000e8380000)
  from space 12800K, 34% used [0x00000000e9d00000,0x00000000ea14bc18,0x00000000ea980000)
  to   space 14848K, 0% used [0x00000000e8c80000,0x00000000e8c80000,0x00000000e9b00000)
 ParOldGen       total 93184K, used 34165K [0x00000000a0000000, 0x00000000a5b00000, 0x00000000e0000000)
  object space 93184K, 36% used [0x00000000a0000000,0x00000000a215d7b0,0x00000000a5b00000)
 Metaspace       used 56923K, capacity 59068K, committed 59160K, reserved 1099776K
  class space    used 7906K, capacity 8384K, committed 8472K, reserved 1048576K
Event: 8.558 GC heap after
Heap after GC invocations=15 (full 3):
 PSYoungGen      total 147456K, used 0K [0x00000000e0000000, 0x00000000ea980000, 0x0000000100000000)
  eden space 134656K, 0% used [0x00000000e0000000,0x00000000e0000000,0x00000000e8380000)
  from space 12800K, 0% used [0x00000000e9d00000,0x00000000e9d00000,0x00000000ea980000)
  to   space 14848K, 0% used [0x00000000e8c80000,0x00000000e8c80000,0x00000000e9b00000)
 ParOldGen       total 93184K, used 33223K [0x00000000a0000000, 0x00000000a5b00000, 0x00000000e0000000)
  object space 93184K, 35% used [0x00000000a0000000,0x00000000a2071dc8,0x00000000a5b00000)
 Metaspace       used 56900K, capacity 58990K, committed 59160K, reserved 1099776K
  class space    used 7899K, capacity 8371K, committed 8472K, reserved 1048576K
}

